<?xml version="1.0" encoding="UTF-8"?>
<!-- Generated by org.testng.reporters.JUnitReportReporter -->
<testsuite skipped="0" hostname="DESKTOP-7SFELJ4" name="dash.YourCartTest" tests="1" failures="0" timestamp="2020-07-15T23:01:51 CEST" time="1.127" errors="0">
  <testcase name="LogInToDashboard" time="1.127" classname="dash.YourCartTest"/>
  <system-out/>
</testsuite> <!-- dash.YourCartTest -->
