<?xml version="1.0" encoding="UTF-8"?>
<!-- Generated by org.testng.reporters.JUnitReportReporter -->
<testsuite skipped="0" hostname="DESKTOP-7SFELJ4" name="login.LoginNoUsernameTest" tests="1" failures="0" timestamp="2020-07-15T23:22:53 CEST" time="0.338" errors="0">
  <testcase name="verifyNoUsernameNotLoggedIn" time="0.338" classname="login.LoginNoUsernameTest"/>
  <system-out/>
</testsuite> <!-- login.LoginNoUsernameTest -->
