<?xml version="1.0" encoding="UTF-8"?>
<!-- Generated by org.testng.reporters.JUnitReportReporter -->
<testsuite skipped="0" hostname="DESKTOP-7SFELJ4" name="login.DashYourCartTest" tests="1" failures="0" timestamp="2020-07-14T15:19:32 CEST" time="1.115" errors="0">
  <testcase name="LogInToDashboard" time="1.115" classname="login.DashYourCartTest"/>
  <system-out/>
</testsuite> <!-- login.DashYourCartTest -->
