<?xml version="1.0" encoding="UTF-8"?>
<!-- Generated by org.testng.reporters.JUnitReportReporter -->
<testsuite skipped="0" hostname="DESKTOP-7SFELJ4" name="login.LoginNoPasswordTest" tests="1" failures="0" timestamp="2020-07-15T23:25:32 CEST" time="0.613" errors="0">
  <testcase name="verifyNoPasswordNotLoggedIn" time="0.613" classname="login.LoginNoPasswordTest"/>
  <system-out/>
</testsuite> <!-- login.LoginNoPasswordTest -->
