<?xml version="1.0" encoding="UTF-8"?>
<!-- Generated by org.testng.reporters.JUnitReportReporter -->
<testsuite skipped="0" hostname="DESKTOP-7SFELJ4" name="login.LoginSuccesfulTest" tests="1" failures="0" timestamp="2020-07-15T23:05:29 CEST" time="1.389" errors="0">
  <testcase name="LogInToDashboard" time="1.389" classname="login.LoginSuccesfulTest"/>
  <system-out/>
</testsuite> <!-- login.LoginSuccesfulTest -->
