<?xml version="1.0" encoding="UTF-8"?>
<!-- Generated by org.testng.reporters.JUnitReportReporter -->
<testsuite skipped="0" hostname="DESKTOP-7SFELJ4" name="login.LoginNoUsernameNoPassTest" tests="1" failures="0" timestamp="2020-07-15T23:25:01 CEST" time="0.156" errors="0">
  <testcase name="verifyNoUnmNoPassnotLoggedIn" time="0.156" classname="login.LoginNoUsernameNoPassTest"/>
  <system-out/>
</testsuite> <!-- login.LoginNoUsernameNoPassTest -->
